Determining if the pthread_create exist failed with the following output:
Change Dir: /home/choisol/catkin_ws/build/CMakeFiles/CMakeTmp

Run Build Command:"/usr/bin/make" "cmTC_7c2ff/fast"
/usr/bin/make -f CMakeFiles/cmTC_7c2ff.dir/build.make CMakeFiles/cmTC_7c2ff.dir/build
make[1]: 디렉터리 '/home/choisol/catkin_ws/build/CMakeFiles/CMakeTmp' 들어감
Building C object CMakeFiles/cmTC_7c2ff.dir/CheckSymbolExists.c.o
/usr/bin/cc    -o CMakeFiles/cmTC_7c2ff.dir/CheckSymbolExists.c.o   -c /home/choisol/catkin_ws/build/CMakeFiles/CMakeTmp/CheckSymbolExists.c
Linking C executable cmTC_7c2ff
/usr/bin/cmake -E cmake_link_script CMakeFiles/cmTC_7c2ff.dir/link.txt --verbose=1
/usr/bin/cc      -rdynamic CMakeFiles/cmTC_7c2ff.dir/CheckSymbolExists.c.o  -o cmTC_7c2ff 
CMakeFiles/cmTC_7c2ff.dir/CheckSymbolExists.c.o: In function `main':
CheckSymbolExists.c:(.text+0x1b): undefined reference to `pthread_create'
collect2: error: ld returned 1 exit status
CMakeFiles/cmTC_7c2ff.dir/build.make:97: recipe for target 'cmTC_7c2ff' failed
make[1]: *** [cmTC_7c2ff] Error 1
make[1]: 디렉터리 '/home/choisol/catkin_ws/build/CMakeFiles/CMakeTmp' 나감
Makefile:126: recipe for target 'cmTC_7c2ff/fast' failed
make: *** [cmTC_7c2ff/fast] Error 2

File /home/choisol/catkin_ws/build/CMakeFiles/CMakeTmp/CheckSymbolExists.c:
/* */
#include <pthread.h>

int main(int argc, char** argv)
{
  (void)argv;
#ifndef pthread_create
  return ((int*)(&pthread_create))[argc];
#else
  (void)argc;
  return 0;
#endif
}

Determining if the function pthread_create exists in the pthreads failed with the following output:
Change Dir: /home/choisol/catkin_ws/build/CMakeFiles/CMakeTmp

Run Build Command:"/usr/bin/make" "cmTC_7fdba/fast"
/usr/bin/make -f CMakeFiles/cmTC_7fdba.dir/build.make CMakeFiles/cmTC_7fdba.dir/build
make[1]: 디렉터리 '/home/choisol/catkin_ws/build/CMakeFiles/CMakeTmp' 들어감
Building C object CMakeFiles/cmTC_7fdba.dir/CheckFunctionExists.c.o
/usr/bin/cc   -DCHECK_FUNCTION_EXISTS=pthread_create   -o CMakeFiles/cmTC_7fdba.dir/CheckFunctionExists.c.o   -c /usr/share/cmake-3.10/Modules/CheckFunctionExists.c
Linking C executable cmTC_7fdba
/usr/bin/cmake -E cmake_link_script CMakeFiles/cmTC_7fdba.dir/link.txt --verbose=1
/usr/bin/cc  -DCHECK_FUNCTION_EXISTS=pthread_create    -rdynamic CMakeFiles/cmTC_7fdba.dir/CheckFunctionExists.c.o  -o cmTC_7fdba -lpthreads 
/usr/bin/ld: cannot find -lpthreads
collect2: error: ld returned 1 exit status
CMakeFiles/cmTC_7fdba.dir/build.make:97: recipe for target 'cmTC_7fdba' failed
make[1]: *** [cmTC_7fdba] Error 1
make[1]: 디렉터리 '/home/choisol/catkin_ws/build/CMakeFiles/CMakeTmp' 나감
Makefile:126: recipe for target 'cmTC_7fdba/fast' failed
make: *** [cmTC_7fdba/fast] Error 2


Performing C SOURCE FILE Test CMAKE_HAVE_LIBC_PTHREAD failed with the following output:
Change Dir: /home/choisol/catkin_ws/build/CMakeFiles/CMakeScratch/TryCompile-cGjJDP

Run Build Command(s):/usr/bin/make -f Makefile cmTC_4ace5/fast && /usr/bin/make  -f CMakeFiles/cmTC_4ace5.dir/build.make CMakeFiles/cmTC_4ace5.dir/build
make[1]: 디렉터리 '/home/choisol/catkin_ws/build/CMakeFiles/CMakeScratch/TryCompile-cGjJDP' 들어감
Building C object CMakeFiles/cmTC_4ace5.dir/src.c.o
/usr/bin/cc -DCMAKE_HAVE_LIBC_PTHREAD   -o CMakeFiles/cmTC_4ace5.dir/src.c.o -c /home/choisol/catkin_ws/build/CMakeFiles/CMakeScratch/TryCompile-cGjJDP/src.c
Linking C executable cmTC_4ace5
/home/choisol/.local/lib/python2.7/site-packages/cmake/data/bin/cmake -E cmake_link_script CMakeFiles/cmTC_4ace5.dir/link.txt --verbose=1
/usr/bin/cc -rdynamic CMakeFiles/cmTC_4ace5.dir/src.c.o -o cmTC_4ace5 
CMakeFiles/cmTC_4ace5.dir/src.c.o: In function `main':
src.c:(.text+0x3e): undefined reference to `pthread_create'
src.c:(.text+0x4a): undefined reference to `pthread_detach'
src.c:(.text+0x56): undefined reference to `pthread_cancel'
src.c:(.text+0x67): undefined reference to `pthread_join'
src.c:(.text+0x7b): undefined reference to `pthread_atfork'
collect2: error: ld returned 1 exit status
CMakeFiles/cmTC_4ace5.dir/build.make:98: recipe for target 'cmTC_4ace5' failed
make[1]: *** [cmTC_4ace5] Error 1
make[1]: 디렉터리 '/home/choisol/catkin_ws/build/CMakeFiles/CMakeScratch/TryCompile-cGjJDP' 나감
Makefile:127: recipe for target 'cmTC_4ace5/fast' failed
make: *** [cmTC_4ace5/fast] Error 2


Source file was:
#include <pthread.h>

static void* test_func(void* data)
{
  return data;
}

int main(void)
{
  pthread_t thread;
  pthread_create(&thread, NULL, test_func, NULL);
  pthread_detach(thread);
  pthread_cancel(thread);
  pthread_join(thread, NULL);
  pthread_atfork(NULL, NULL, NULL);
  pthread_exit(NULL);

  return 0;
}


